
SQL*Plus: Release 10.2.0.1.0 - Production on Sat Apr 8 15:27:31 2017

Copyright (c) 1982, 2005, Oracle.  All rights reserved.

SQL> Connected.
SQL> 
name
---------------------------------------------------------------------------
link
--------------------------------------------------------------------------------
sql
--------------------------------------------------------------------------------
select
/query/select
select * from all_tables

1
2
3

name
---------------------------------------------------------------------------
link
--------------------------------------------------------------------------------
sql
--------------------------------------------------------------------------------

5
6
7

0
0

name
---------------------------------------------------------------------------
link
--------------------------------------------------------------------------------
sql
--------------------------------------------------------------------------------
5


SQL> Disconnected from Oracle Database 10g Express Edition Release 10.2.0.1.0 - Production
